<?xml version="1.0" encoding="UTF-8"?>
<!-- Generated by org.testng.reporters.JUnitXMLReporter -->
<testsuite hostname="Yuanfans-MBP" ignored="0" name="test screenshot using testng listeners" tests="2" failures="1" timestamp="2023-04-24T14:50:35 EDT" time="17.997" errors="0">
  <testcase name="loginToOrangeHRM" time="10.702" classname="screenshot_demo.tests.ScreenshotTest"/>
  <testcase name="loginToOrangeHRM" time="12.8" classname="screenshot_demo.tests.ScreenshotTest">
    <failure type="org.openqa.selenium.NoSuchElementException" message="Unable to locate element: //img[@alt = &amp;apos;profile picture&amp;apos;]
For documentation on this error, please visit: https://www.seleniumhq.org/exceptions/no_such_element.html
Build info: version: &amp;apos;3.141.59&amp;apos;, revision: &amp;apos;e82be7d358&amp;apos;, time: &amp;apos;2018-11-14T08:17:03&amp;apos;
System info: host: &amp;apos;Yuanfans-MBP&amp;apos;, ip: &amp;apos;fe80:0:0:0:cb9:964d:9bf4:1437%en0&amp;apos;, os.name: &amp;apos;Mac OS X&amp;apos;, os.arch: &amp;apos;x86_64&amp;apos;, os.version: &amp;apos;13.3&amp;apos;, java.version: &amp;apos;1.8.0_362-internal&amp;apos;
Driver info: org.openqa.selenium.firefox.FirefoxDriver
Capabilities {acceptInsecureCerts: true, browserName: firefox, browserVersion: 111.0, javascriptEnabled: true, moz:accessibilityChecks: false, moz:buildID: 20230309232128, moz:geckodriverVersion: 0.33.0, moz:headless: false, moz:platformVersion: 22.4.0, moz:processID: 83642, moz:profile: /var/folders/_g/wvnrjs_d06d..., moz:shutdownTimeout: 60000, moz:useNonSpecCompliantPointerOrigin: false, moz:webdriverClick: true, moz:windowless: false, pageLoadStrategy: normal, platform: MAC, platformName: MAC, proxy: Proxy(), setWindowRect: true, strictFileInteractability: false, timeouts: {implicit: 0, pageLoad: 300000, script: 30000}, unhandledPromptBehavior: dismiss and notify}
Session ID: dd1f64d7-66b5-4a3d-ac6c-2f912669b528
*** Element info: {Using=xpath, value=//img[@alt = &amp;apos;profile picture&amp;apos;]}">
      <![CDATA[org.openqa.selenium.NoSuchElementException: Unable to locate element: //img[@alt = 'profile picture']
For documentation on this error, please visit: https://www.seleniumhq.org/exceptions/no_such_element.html
Build info: version: '3.141.59', revision: 'e82be7d358', time: '2018-11-14T08:17:03'
System info: host: 'Yuanfans-MBP', ip: 'fe80:0:0:0:cb9:964d:9bf4:1437%en0', os.name: 'Mac OS X', os.arch: 'x86_64', os.version: '13.3', java.version: '1.8.0_362-internal'
Driver info: org.openqa.selenium.firefox.FirefoxDriver
Capabilities {acceptInsecureCerts: true, browserName: firefox, browserVersion: 111.0, javascriptEnabled: true, moz:accessibilityChecks: false, moz:buildID: 20230309232128, moz:geckodriverVersion: 0.33.0, moz:headless: false, moz:platformVersion: 22.4.0, moz:processID: 83642, moz:profile: /var/folders/_g/wvnrjs_d06d..., moz:shutdownTimeout: 60000, moz:useNonSpecCompliantPointerOrigin: false, moz:webdriverClick: true, moz:windowless: false, pageLoadStrategy: normal, platform: MAC, platformName: MAC, proxy: Proxy(), setWindowRect: true, strictFileInteractability: false, timeouts: {implicit: 0, pageLoad: 300000, script: 30000}, unhandledPromptBehavior: dismiss and notify}
Session ID: dd1f64d7-66b5-4a3d-ac6c-2f912669b528
*** Element info: {Using=xpath, value=//img[@alt = 'profile picture']}
at org.openqa.selenium.remote.http.W3CHttpResponseCodec.createException(W3CHttpResponseCodec.java:187)
at org.openqa.selenium.remote.http.W3CHttpResponseCodec.decode(W3CHttpResponseCodec.java:122)
at org.openqa.selenium.remote.http.W3CHttpResponseCodec.decode(W3CHttpResponseCodec.java:49)
at org.openqa.selenium.remote.HttpCommandExecutor.execute(HttpCommandExecutor.java:158)
at org.openqa.selenium.remote.service.DriverCommandExecutor.execute(DriverCommandExecutor.java:83)
at org.openqa.selenium.remote.RemoteWebDriver.execute(RemoteWebDriver.java:552)
at org.openqa.selenium.remote.RemoteWebDriver.findElement(RemoteWebDriver.java:323)
at org.openqa.selenium.remote.RemoteWebDriver.findElementByXPath(RemoteWebDriver.java:428)
at org.openqa.selenium.By$ByXPath.findElement(By.java:353)
at org.openqa.selenium.remote.RemoteWebDriver.findElement(RemoteWebDriver.java:315)
at screenshot_demo.tests.ScreenshotTest.loginToOrangeHRM(ScreenshotTest.java:19)
at java.util.concurrent.FutureTask.run(FutureTask.java:266)
at java.util.concurrent.Executors$RunnableAdapter.call(Executors.java:511)
at java.util.concurrent.FutureTask.run(FutureTask.java:266)
at java.util.concurrent.ThreadPoolExecutor.runWorker(ThreadPoolExecutor.java:1149)
at java.util.concurrent.ThreadPoolExecutor$Worker.run(ThreadPoolExecutor.java:624)
at java.lang.Thread.run(Thread.java:750)
... Removed 13 stack frames]]>
    </failure>
  </testcase> <!-- loginToOrangeHRM -->
</testsuite> <!-- test screenshot using testng listeners -->
